build/app/outputs/mapping/release/seeds.txt
androidx.window.layout.WindowInfoTracker$Companion: java.lang.String TAG
io.flutter.embedding.engine.FlutterJNI: boolean initCalled
io.flutter.embedding.engine.FlutterJNI: io.flutter.plugin.localization.LocalizationPlugin localizationPlugin
io.flutter.view.FlutterCallbackInformation: java.lang.String callbackName
androidx.window.embedding.EmbeddingCompat: androidx.window.embedding.EmbeddingCompat$Companion Companion
androidx.window.layout.WindowInfoTrackerImpl: int BUFFER_CAPACITY
androidx.lifecycle.Lifecycle$Event: androidx.lifecycle.Lifecycle$Event ON_START
androidx.window.layout.SidecarAdapter: androidx.window.layout.SidecarAdapter$Companion Companion
androidx.window.layout.WindowMetricsCalculator$Companion$reset$1: androidx.window.layout.WindowMetricsCalculator$Companion$reset$1 INSTANCE
io.flutter.view.AccessibilityViewEmbedder: java.util.Map embeddedViewToDisplayBounds
androidx.window.core.Version: androidx.window.core.Version VERSION_1_0
androidx.window.layout.SidecarWindowBackend$WindowLayoutChangeCallbackWrapper: java.util.concurrent.Executor executor
androidx.window.core.Bounds: int top
androidx.window.R$attr: int secondaryActivityName
androidx.window.layout.WindowInfoTracker$Companion: boolean DEBUG
io.flutter.plugin.platform.SingleViewPresentation: android.widget.FrameLayout container
androidx.lifecycle.Lifecycle$Event: androidx.lifecycle.Lifecycle$Event ON_DESTROY
androidx.window.core.Version$bigInteger$2: androidx.window.core.Version this$0
androidx.window.layout.ExtensionWindowLayoutInfoBackend: androidx.window.extensions.layout.WindowLayoutComponent component
kotlinx.coroutines.JobSupport: java.lang.Object _state
kotlin.jvm.internal.FunctionReference: int flags
kotlinx.coroutines.JobSupport$Finishing: java.lang.Object _exceptionsHolder
kotlin.jvm.internal.FunctionReference: int arity
kotlinx.coroutines.scheduling.WorkQueue: int producerIndex
androidx.window.core.Bounds: int bottom
androidx.window.layout.WindowInfoTrackerImpl: androidx.window.layout.WindowBackend windowBackend
kotlinx.coroutines.InvokeOnCancelling: int _invoked
androidx.window.layout.HardwareFoldingFeature$Type: androidx.window.layout.HardwareFoldingFeature$Type$Companion Companion
androidx.window.R$styleable: int[] SplitPairRule
androidx.window.layout.DisplayCompatHelperApi17: androidx.window.layout.DisplayCompatHelperApi17 INSTANCE
kotlin.jvm.internal.CallableReference: boolean isTopLevel
androidx.window.embedding.ExtensionEmbeddingBackend: androidx.window.embedding.ExtensionEmbeddingBackend$EmbeddingCallbackImpl splitInfoEmbeddingCallback
androidx.window.layout.FoldingFeature$Orientation: java.lang.String description
androidx.window.R$attr: int finishPrimaryWithSecondary
androidx.window.layout.FoldingFeature$State: java.lang.String description
androidx.window.layout.HardwareFoldingFeature: androidx.window.layout.HardwareFoldingFeature$Companion Companion
androidx.window.core.Version: androidx.window.core.Version$Companion Companion
androidx.lifecycle.Lifecycle$Event: androidx.lifecycle.Lifecycle$Event ON_RESUME
io.flutter.embedding.engine.renderer.SurfaceTextureWrapper: java.lang.Runnable onFrameConsumed
androidx.window.layout.SidecarWindowBackend$WindowLayoutChangeCallbackWrapper: androidx.window.layout.WindowLayoutInfo lastInfo
io.flutter.plugin.editing.ImeSyncDeferringInsetsCallback: boolean animating
androidx.window.layout.WindowMetricsCalculatorCompat: java.lang.String TAG
androidx.window.layout.WindowInfoTrackerImpl$windowLayoutInfo$1: java.lang.Object L$1
androidx.window.embedding.SplitPlaceholderRule: java.util.Set filters
io.flutter.embedding.android.FlutterSplashView$SavedState: android.os.Parcelable$Creator CREATOR
androidx.window.embedding.SplitController: java.util.Set staticSplitRules
androidx.window.embedding.SplitRule: float splitRatio
kotlinx.coroutines.scheduling.LimitingDispatcher: int inFlightTasks
androidx.window.embedding.ExtensionEmbeddingBackend$SplitListenerWrapper: androidx.core.util.Consumer callback