build/app/outputs/mapping/release/mapping.txt
# compiler: R8
# compiler_version: 3.1.66
# min_api: 16
# pg_map_id: e9090cd
# common_typos_disable
# {"id":"com.android.tools.r8.mapping","version":"1.0"}
...
kotlinx.coroutines.EventLoopImplPlatform -> t0.b1:
    java.lang.Thread getThread() -> A
    void reschedule(long,kotlinx.coroutines.EventLoopImplBase$DelayedTask) -> B
    void unpark() -> C
kotlinx.coroutines.EventLoopKt -> t0.c1:
    kotlinx.coroutines.EventLoop createEventLoop() -> a
kotlinx.coroutines.EventLoop_commonKt -> t0.d1:
    kotlinx.coroutines.internal.Symbol DISPOSED_TASK -> a
    kotlinx.coroutines.internal.Symbol CLOSED_EMPTY -> b
    kotlinx.coroutines.internal.Symbol access$getCLOSED_EMPTY$p() -> a
    kotlinx.coroutines.internal.Symbol access$getDISPOSED_TASK$p() -> b
kotlinx.coroutines.ExceptionsKt -> t0.e1:
    java.util.concurrent.CancellationException CancellationException(java.lang.String,java.lang.Throwable) -> a
kotlinx.coroutines.ExecutorCoroutineDispatcher -> t0.f1:
    kotlinx.coroutines.ExecutorCoroutineDispatcher$Key Key -> e
kotlinx.coroutines.ExecutorCoroutineDispatcher$Key -> t0.f1$a:
kotlinx.coroutines.ExecutorCoroutineDispatcher$Key$1 -> t0.f1$a$a:
    kotlinx.coroutines.ExecutorCoroutineDispatcher$Key$1 INSTANCE -> d
    kotlinx.coroutines.ExecutorCoroutineDispatcher invoke(kotlin.coroutines.CoroutineContext$Element) -> a
kotlinx.coroutines.ExecutorCoroutineDispatcherImpl -> t0.g1:
    java.util.concurrent.Executor executor -> f
    void dispatch(kotlin.coroutines.CoroutineContext,java.lang.Runnable) -> h
    void cancelJobOnRejection(kotlin.coroutines.CoroutineContext,java.util.concurrent.RejectedExecutionException) -> p
    java.util.concurrent.Executor getExecutor() -> q
kotlinx.coroutines.ExecutorsKt -> t0.h1:
    kotlinx.coroutines.CoroutineDispatcher from(java.util.concurrent.Executor) -> a
kotlinx.coroutines.InactiveNodeList -> t0.i1:
    kotlinx.coroutines.NodeList list -> d
    boolean isActive() -> a
    kotlinx.coroutines.NodeList getList() -> c
kotlinx.coroutines.Incomplete -> t0.j1:
    boolean isActive() -> a
    kotlinx.coroutines.NodeList getList() -> c
kotlinx.coroutines.IncompleteStateBox -> t0.k1:
    kotlinx.coroutines.Incomplete state -> a
kotlinx.coroutines.InvokeOnCancel -> t0.l1:
    kotlin.jvm.functions.Function1 handler -> d
    void invoke(java.lang.Throwable) -> a
kotlinx.coroutines.InvokeOnCancelling -> t0.m1:
    kotlin.jvm.functions.Function1 handler -> h
    java.util.concurrent.atomic.AtomicIntegerFieldUpdater _invoked$FU -> i
    void invoke(java.lang.Throwable) -> y
kotlinx.coroutines.InvokeOnCompletion -> t0.n1:
    kotlin.jvm.functions.Function1 handler -> h
    void invoke(java.lang.Throwable) -> y
kotlinx.coroutines.Job -> t0.o1:
    kotlinx.coroutines.Job$Key Key -> c
    boolean isActive() -> a
    void cancel(java.util.concurrent.CancellationException) -> c
    kotlinx.coroutines.ChildHandle attachChild(kotlinx.coroutines.ChildJob) -> i
    java.util.concurrent.CancellationException getCancellationException() -> l
    boolean start() -> m
    kotlinx.coroutines.DisposableHandle invokeOnCompletion(boolean,boolean,kotlin.jvm.functions.Function1) -> r
kotlinx.coroutines.Job$DefaultImpls -> t0.o1$a:
    void cancel$default(kotlinx.coroutines.Job,java.util.concurrent.CancellationException,int,java.lang.Object) -> a
    java.lang.Object fold(kotlinx.coroutines.Job,java.lang.Object,kotlin.jvm.functions.Function2) -> b
    kotlin.coroutines.CoroutineContext$Element get(kotlinx.coroutines.Job,kotlin.coroutines.CoroutineContext$Key) -> c
    kotlinx.coroutines.DisposableHandle invokeOnCompletion$default(kotlinx.coroutines.Job,boolean,boolean,kotlin.jvm.functions.Function1,int,java.lang.Object) -> d
    kotlin.coroutines.CoroutineContext minusKey(kotlinx.coroutines.Job,kotlin.coroutines.CoroutineContext$Key) -> e
    kotlin.coroutines.CoroutineContext plus(kotlinx.coroutines.Job,kotlin.coroutines.CoroutineContext) -> f
kotlinx.coroutines.Job$Key -> t0.o1$b:
    kotlinx.coroutines.Job$Key $$INSTANCE -> d