build/app/outputs/mapping/release/usage.txt
com.google.common.graph.EndpointPairIterator$1
com.google.common.graph.EndpointPairIterator$Directed
com.google.common.graph.EndpointPairIterator$Undirected
com.google.common.graph.EndpointPairIterator
com.google.common.graph.ForwardingGraph
com.google.common.graph.ForwardingNetwork
com.google.common.graph.ForwardingValueGraph
com.google.common.graph.Graph
com.google.common.graph.GraphBuilder
com.google.common.graph.GraphConnections
com.google.common.graph.GraphConstants$Presence
com.google.common.graph.GraphConstants
com.google.common.graph.Graphs$NodeVisitState
com.google.common.graph.Graphs$TransposedGraph
com.google.common.graph.Graphs$TransposedNetwork
com.google.common.graph.Graphs$TransposedValueGraph
com.google.common.graph.Graphs
com.google.common.graph.ImmutableGraph$Builder
com.google.common.graph.ImmutableGraph
com.google.common.graph.ImmutableNetwork$1
com.google.common.graph.ImmutableNetwork$2
com.google.common.graph.ImmutableNetwork$3
com.google.common.graph.ImmutableNetwork$Builder
com.google.common.graph.ImmutableNetwork
com.google.common.graph.ImmutableValueGraph$1
com.google.common.graph.ImmutableValueGraph$Builder
com.google.common.graph.ImmutableValueGraph
com.google.common.graph.MapIteratorCache$1$1
com.google.common.graph.MapIteratorCache$1
com.google.common.graph.MapIteratorCache
com.google.common.graph.MapRetrievalCache$CacheEntry
com.google.common.graph.MapRetrievalCache
com.google.common.graph.MultiEdgesConnecting$1
com.google.common.graph.MultiEdgesConnecting
com.google.common.graph.MutableGraph
com.google.common.graph.MutableNetwork
com.google.common.graph.MutableValueGraph
com.google.common.graph.Network
com.google.common.graph.NetworkBuilder
com.google.common.graph.NetworkConnections
com.google.common.graph.PredecessorsFunction
com.google.common.graph.SuccessorsFunction
com.google.common.graph.Traverser$1
com.google.common.graph.Traverser$GraphTraverser$1
com.google.common.graph.Traverser$GraphTraverser$2
com.google.common.graph.Traverser$GraphTraverser$3
com.google.common.graph.Traverser$GraphTraverser$BreadthFirstIterator
com.google.common.graph.Traverser$GraphTraverser$DepthFirstIterator$NodeAndSuccessors
com.google.common.graph.Traverser$GraphTraverser$DepthFirstIterator
com.google.common.graph.Traverser$GraphTraverser
com.google.common.graph.Traverser$Order
com.google.common.graph.Traverser$TreeTraverser$1
com.google.common.graph.Traverser$TreeTraverser$2
com.google.common.graph.Traverser$TreeTraverser$3
com.google.common.graph.Traverser$TreeTraverser$BreadthFirstIterator
com.google.common.graph.Traverser$TreeTraverser$DepthFirstPostOrderIterator$NodeAndChildren
com.google.common.graph.Traverser$TreeTraverser$DepthFirstPostOrderIterator
com.google.common.graph.Traverser$TreeTraverser$DepthFirstPreOrderIterator
com.google.common.graph.Traverser$TreeTraverser
com.google.common.graph.Traverser
com.google.common.graph.UndirectedGraphConnections
com.google.common.graph.UndirectedMultiNetworkConnections$1
com.google.common.graph.UndirectedMultiNetworkConnections
com.google.common.graph.UndirectedNetworkConnections
com.google.common.graph.ValueGraph
com.google.common.graph.ValueGraphBuilder
com.google.common.graph.package-info
com.google.common.hash.AbstractByteHasher
com.google.common.hash.AbstractCompositeHashFunction$1
com.google.common.hash.AbstractCompositeHashFunction
com.google.common.hash.AbstractHashFunction
com.google.common.hash.AbstractHasher
com.google.common.hash.AbstractNonStreamingHashFunction$BufferingHasher
com.google.common.hash.AbstractNonStreamingHashFunction$ExposedByteArrayOutputStream
com.google.common.hash.AbstractNonStreamingHashFunction
com.google.common.hash.AbstractStreamingHasher
com.google.common.hash.BloomFilter$1
com.google.common.hash.BloomFilter$SerialForm
com.google.common.hash.BloomFilter$Strategy
com.google.common.hash.BloomFilter
com.google.common.hash.BloomFilterStrategies$1
com.google.common.hash.BloomFilterStrategies$2